<?xml version="1.0" encoding="UTF-8"?>
<!-- Generated by org.testng.reporters.JUnitReportReporter -->
<testsuite skipped="0" hostname="Rahul07" name="MavenScripDemo.MavenProject.MavenJenkinsDemo" tests="1" failures="0" timestamp="07 Aug 2018 15:54:58 GMT" time="22.999" errors="0">
  <testcase name="Test1" time="22.999" classname="MavenScripDemo.MavenProject.MavenJenkinsDemo"/>
</testsuite> <!-- MavenScripDemo.MavenProject.MavenJenkinsDemo -->
