<?xml version="1.0" encoding="UTF-8"?>
<!-- Generated by org.testng.reporters.JUnitReportReporter -->
<testsuite skipped="0" hostname="Rahul07" name="MavenScripDemo.MavenProject.ParallelTestingUsingMethods" tests="3" failures="0" timestamp="17 Sep 2018 10:28:40 GMT" time="0.020" errors="0">
  <testcase name="SnippingToolTesting" time="0.011" classname="MavenScripDemo.MavenProject.ParallelTestingUsingMethods"/>
  <testcase name="MsWordTesting" time="0.006" classname="MavenScripDemo.MavenProject.ParallelTestingUsingMethods"/>
  <testcase name="MSExcelTesting" time="0.003" classname="MavenScripDemo.MavenProject.ParallelTestingUsingMethods"/>
</testsuite> <!-- MavenScripDemo.MavenProject.ParallelTestingUsingMethods -->
